[2019-03-17 18:19:38, INFO, load_esposalles] Loading Espoalles from JSON: data/esposalles/esposalles.json
[2019-03-17 18:20:33, INFO, load_esposalles] Loading Espoalles from JSON: data/esposalles/esposalles.json
[2019-03-17 18:20:59, INFO, load_esposalles] Loading Espoalles from JSON: data/esposalles/esposalles.json
[2019-03-17 18:31:15, INFO, evaluate] ground truth proposals: 369
[2019-03-17 18:31:15, INFO, evaluate] external_proposals dtp: 10539
[2019-03-17 18:31:18, INFO, evaluate] ground truth proposals: 335
[2019-03-17 18:31:18, INFO, evaluate] external_proposals dtp: 9617
[2019-03-17 18:31:21, INFO, evaluate] ground truth proposals: 311
[2019-03-17 18:31:21, INFO, evaluate] external_proposals dtp: 11577
[2019-03-17 18:31:25, INFO, evaluate] ground truth proposals: 357
[2019-03-17 18:31:25, INFO, evaluate] external_proposals dtp: 12458
[2019-03-17 18:31:29, INFO, evaluate] ground truth proposals: 360
[2019-03-17 18:31:29, INFO, evaluate] external_proposals dtp: 11007
[2019-03-17 18:31:36, INFO, evaluate] Calculate mAPs
[2019-03-17 18:31:36, INFO, evaluate] mAP parallel: qbe [overlap = 0.25]
[2019-03-17 18:31:36, INFO, map_parallel] Using '6' threads for '1732' args
[2019-03-17 18:31:43, INFO, evaluate] mAP parallel: qbs [overlap = 0.25]
[2019-03-17 18:31:43, INFO, map_parallel] Using '6' threads for '387' args
[2019-03-17 18:31:45, INFO, evaluate] mAP parallel: qbe [overlap = 0.50]
[2019-03-17 18:31:45, INFO, map_parallel] Using '6' threads for '1732' args
[2019-03-17 18:31:51, INFO, evaluate] mAP parallel: qbs [overlap = 0.50]
[2019-03-17 18:31:51, INFO, map_parallel] Using '6' threads for '387' args
[2019-03-17 18:41:23, INFO, evaluate] ground truth proposals: 369
[2019-03-17 18:41:23, INFO, evaluate] external_proposals dtp: 10539
[2019-03-17 18:41:27, INFO, evaluate] ground truth proposals: 335
[2019-03-17 18:41:27, INFO, evaluate] external_proposals dtp: 9617
[2019-03-17 18:41:30, INFO, evaluate] ground truth proposals: 311
[2019-03-17 18:41:30, INFO, evaluate] external_proposals dtp: 11577
[2019-03-17 18:41:33, INFO, evaluate] ground truth proposals: 357
[2019-03-17 18:41:33, INFO, evaluate] external_proposals dtp: 12458
[2019-03-17 18:41:37, INFO, evaluate] ground truth proposals: 360
[2019-03-17 18:41:37, INFO, evaluate] external_proposals dtp: 11007
[2019-03-17 18:41:45, INFO, evaluate] Calculate mAPs
[2019-03-17 18:41:45, INFO, evaluate] mAP parallel: qbe [overlap = 0.25]
[2019-03-17 18:41:45, INFO, map_parallel] Using '6' threads for '1732' args
[2019-03-17 18:41:51, INFO, evaluate] mAP parallel: qbs [overlap = 0.25]
[2019-03-17 18:41:51, INFO, map_parallel] Using '6' threads for '387' args
[2019-03-17 18:41:53, INFO, evaluate] mAP parallel: qbe [overlap = 0.50]
[2019-03-17 18:41:53, INFO, map_parallel] Using '6' threads for '1732' args
[2019-03-17 18:41:59, INFO, evaluate] mAP parallel: qbs [overlap = 0.50]
[2019-03-17 18:41:59, INFO, map_parallel] Using '6' threads for '387' args
[2019-03-17 18:51:32, INFO, evaluate] ground truth proposals: 369
[2019-03-17 18:51:32, INFO, evaluate] external_proposals dtp: 10539
[2019-03-17 18:51:35, INFO, evaluate] ground truth proposals: 335
[2019-03-17 18:51:35, INFO, evaluate] external_proposals dtp: 9617
[2019-03-17 18:51:38, INFO, evaluate] ground truth proposals: 311
[2019-03-17 18:51:38, INFO, evaluate] external_proposals dtp: 11577
[2019-03-17 18:51:42, INFO, evaluate] ground truth proposals: 357
[2019-03-17 18:51:42, INFO, evaluate] external_proposals dtp: 12458
[2019-03-17 18:51:46, INFO, evaluate] ground truth proposals: 360
[2019-03-17 18:51:46, INFO, evaluate] external_proposals dtp: 11007
[2019-03-17 18:51:54, INFO, evaluate] Calculate mAPs
[2019-03-17 18:51:54, INFO, evaluate] mAP parallel: qbe [overlap = 0.25]
[2019-03-17 18:51:54, INFO, map_parallel] Using '6' threads for '1732' args
[2019-03-17 18:52:00, INFO, evaluate] mAP parallel: qbs [overlap = 0.25]
[2019-03-17 18:52:00, INFO, map_parallel] Using '6' threads for '387' args
[2019-03-17 18:52:02, INFO, evaluate] mAP parallel: qbe [overlap = 0.50]
[2019-03-17 18:52:02, INFO, map_parallel] Using '6' threads for '1732' args
[2019-03-17 18:52:08, INFO, evaluate] mAP parallel: qbs [overlap = 0.50]
[2019-03-17 18:52:08, INFO, map_parallel] Using '6' threads for '387' args
[2019-03-17 19:01:40, INFO, evaluate] ground truth proposals: 369
[2019-03-17 19:01:40, INFO, evaluate] external_proposals dtp: 10539
[2019-03-17 19:01:44, INFO, evaluate] ground truth proposals: 335
[2019-03-17 19:01:44, INFO, evaluate] external_proposals dtp: 9617
[2019-03-17 19:01:47, INFO, evaluate] ground truth proposals: 311
[2019-03-17 19:01:47, INFO, evaluate] external_proposals dtp: 11577
[2019-03-17 19:01:50, INFO, evaluate] ground truth proposals: 357
[2019-03-17 19:01:50, INFO, evaluate] external_proposals dtp: 12458
[2019-03-17 19:01:54, INFO, evaluate] ground truth proposals: 360
[2019-03-17 19:01:54, INFO, evaluate] external_proposals dtp: 11007
[2019-03-17 19:02:02, INFO, evaluate] Calculate mAPs
[2019-03-17 19:02:02, INFO, evaluate] mAP parallel: qbe [overlap = 0.25]
[2019-03-17 19:02:02, INFO, map_parallel] Using '6' threads for '1732' args
[2019-03-17 19:02:09, INFO, evaluate] mAP parallel: qbs [overlap = 0.25]
[2019-03-17 19:02:09, INFO, map_parallel] Using '6' threads for '387' args
[2019-03-17 19:02:10, INFO, evaluate] mAP parallel: qbe [overlap = 0.50]
[2019-03-17 19:02:10, INFO, map_parallel] Using '6' threads for '1732' args
[2019-03-17 19:02:17, INFO, evaluate] mAP parallel: qbs [overlap = 0.50]
[2019-03-17 19:02:17, INFO, map_parallel] Using '6' threads for '387' args
[2019-03-17 19:11:46, INFO, evaluate] ground truth proposals: 369
[2019-03-17 19:11:46, INFO, evaluate] external_proposals dtp: 10539
[2019-03-17 19:11:49, INFO, evaluate] ground truth proposals: 335
[2019-03-17 19:11:49, INFO, evaluate] external_proposals dtp: 9617
[2019-03-17 19:11:52, INFO, evaluate] ground truth proposals: 311
[2019-03-17 19:11:52, INFO, evaluate] external_proposals dtp: 11577
[2019-03-17 19:11:56, INFO, evaluate] ground truth proposals: 357
[2019-03-17 19:11:56, INFO, evaluate] external_proposals dtp: 12458
[2019-03-17 19:12:00, INFO, evaluate] ground truth proposals: 360
[2019-03-17 19:12:00, INFO, evaluate] external_proposals dtp: 11007
[2019-03-17 19:12:07, INFO, evaluate] Calculate mAPs
[2019-03-17 19:12:07, INFO, evaluate] mAP parallel: qbe [overlap = 0.25]
[2019-03-17 19:12:07, INFO, map_parallel] Using '6' threads for '1732' args
[2019-03-17 19:12:14, INFO, evaluate] mAP parallel: qbs [overlap = 0.25]
[2019-03-17 19:12:14, INFO, map_parallel] Using '6' threads for '387' args
[2019-03-17 19:12:16, INFO, evaluate] mAP parallel: qbe [overlap = 0.50]
[2019-03-17 19:12:16, INFO, map_parallel] Using '6' threads for '1732' args
[2019-03-17 19:12:22, INFO, evaluate] mAP parallel: qbs [overlap = 0.50]
[2019-03-17 19:12:22, INFO, map_parallel] Using '6' threads for '387' args
[2019-03-17 19:21:53, INFO, evaluate] ground truth proposals: 369
[2019-03-17 19:21:53, INFO, evaluate] external_proposals dtp: 10539
[2019-03-17 19:21:56, INFO, evaluate] ground truth proposals: 335
[2019-03-17 19:21:56, INFO, evaluate] external_proposals dtp: 9617
[2019-03-17 19:21:59, INFO, evaluate] ground truth proposals: 311
[2019-03-17 19:21:59, INFO, evaluate] external_proposals dtp: 11577
[2019-03-17 19:22:03, INFO, evaluate] ground truth proposals: 357
[2019-03-17 19:22:03, INFO, evaluate] external_proposals dtp: 12458
[2019-03-17 19:22:07, INFO, evaluate] ground truth proposals: 360
[2019-03-17 19:22:07, INFO, evaluate] external_proposals dtp: 11007
[2019-03-17 19:22:14, INFO, evaluate] Calculate mAPs
[2019-03-17 19:22:14, INFO, evaluate] mAP parallel: qbe [overlap = 0.25]
[2019-03-17 19:22:14, INFO, map_parallel] Using '6' threads for '1732' args
[2019-03-17 19:22:20, INFO, evaluate] mAP parallel: qbs [overlap = 0.25]
[2019-03-17 19:22:20, INFO, map_parallel] Using '6' threads for '387' args
[2019-03-17 19:22:22, INFO, evaluate] mAP parallel: qbe [overlap = 0.50]
[2019-03-17 19:22:22, INFO, map_parallel] Using '6' threads for '1732' args
[2019-03-17 19:22:28, INFO, evaluate] mAP parallel: qbs [overlap = 0.50]
[2019-03-17 19:22:28, INFO, map_parallel] Using '6' threads for '387' args
[2019-03-17 19:32:00, INFO, evaluate] ground truth proposals: 369
[2019-03-17 19:32:00, INFO, evaluate] external_proposals dtp: 10539
[2019-03-17 19:32:03, INFO, evaluate] ground truth proposals: 335
[2019-03-17 19:32:03, INFO, evaluate] external_proposals dtp: 9617
[2019-03-17 19:32:06, INFO, evaluate] ground truth proposals: 311
[2019-03-17 19:32:06, INFO, evaluate] external_proposals dtp: 11577
[2019-03-17 19:32:10, INFO, evaluate] ground truth proposals: 357
[2019-03-17 19:32:10, INFO, evaluate] external_proposals dtp: 12458
[2019-03-17 19:32:14, INFO, evaluate] ground truth proposals: 360
[2019-03-17 19:32:14, INFO, evaluate] external_proposals dtp: 11007
[2019-03-17 19:32:21, INFO, evaluate] Calculate mAPs
[2019-03-17 19:32:21, INFO, evaluate] mAP parallel: qbe [overlap = 0.25]
[2019-03-17 19:32:21, INFO, map_parallel] Using '6' threads for '1732' args
[2019-03-17 19:32:28, INFO, evaluate] mAP parallel: qbs [overlap = 0.25]
[2019-03-17 19:32:28, INFO, map_parallel] Using '6' threads for '387' args
[2019-03-17 19:32:29, INFO, evaluate] mAP parallel: qbe [overlap = 0.50]
[2019-03-17 19:32:29, INFO, map_parallel] Using '6' threads for '1732' args
[2019-03-17 19:32:36, INFO, evaluate] mAP parallel: qbs [overlap = 0.50]
[2019-03-17 19:32:36, INFO, map_parallel] Using '6' threads for '387' args
[2019-03-17 19:42:06, INFO, evaluate] ground truth proposals: 369
[2019-03-17 19:42:06, INFO, evaluate] external_proposals dtp: 10539
[2019-03-17 19:42:09, INFO, evaluate] ground truth proposals: 335
[2019-03-17 19:42:09, INFO, evaluate] external_proposals dtp: 9617
[2019-03-17 19:42:12, INFO, evaluate] ground truth proposals: 311
[2019-03-17 19:42:12, INFO, evaluate] external_proposals dtp: 11577
[2019-03-17 19:42:16, INFO, evaluate] ground truth proposals: 357
[2019-03-17 19:42:16, INFO, evaluate] external_proposals dtp: 12458
[2019-03-17 19:42:20, INFO, evaluate] ground truth proposals: 360
[2019-03-17 19:42:20, INFO, evaluate] external_proposals dtp: 11007
[2019-03-17 19:42:27, INFO, evaluate] Calculate mAPs
[2019-03-17 19:42:27, INFO, evaluate] mAP parallel: qbe [overlap = 0.25]
[2019-03-17 19:42:27, INFO, map_parallel] Using '6' threads for '1732' args
[2019-03-17 19:42:33, INFO, evaluate] mAP parallel: qbs [overlap = 0.25]
[2019-03-17 19:42:33, INFO, map_parallel] Using '6' threads for '387' args
[2019-03-17 19:42:34, INFO, evaluate] mAP parallel: qbe [overlap = 0.50]
[2019-03-17 19:42:34, INFO, map_parallel] Using '6' threads for '1732' args
[2019-03-17 19:42:40, INFO, evaluate] mAP parallel: qbs [overlap = 0.50]
[2019-03-17 19:42:40, INFO, map_parallel] Using '6' threads for '387' args
[2019-03-17 19:52:11, INFO, evaluate] ground truth proposals: 369
[2019-03-17 19:52:11, INFO, evaluate] external_proposals dtp: 10539
[2019-03-17 19:52:14, INFO, evaluate] ground truth proposals: 335
[2019-03-17 19:52:14, INFO, evaluate] external_proposals dtp: 9617
[2019-03-17 19:52:17, INFO, evaluate] ground truth proposals: 311
[2019-03-17 19:52:17, INFO, evaluate] external_proposals dtp: 11577
[2019-03-17 19:52:21, INFO, evaluate] ground truth proposals: 357
[2019-03-17 19:52:21, INFO, evaluate] external_proposals dtp: 12458
[2019-03-17 19:52:25, INFO, evaluate] ground truth proposals: 360
[2019-03-17 19:52:25, INFO, evaluate] external_proposals dtp: 11007
[2019-03-17 19:52:32, INFO, evaluate] Calculate mAPs
[2019-03-17 19:52:32, INFO, evaluate] mAP parallel: qbe [overlap = 0.25]
[2019-03-17 19:52:32, INFO, map_parallel] Using '6' threads for '1732' args
[2019-03-17 19:52:38, INFO, evaluate] mAP parallel: qbs [overlap = 0.25]
[2019-03-17 19:52:38, INFO, map_parallel] Using '6' threads for '387' args
[2019-03-17 19:52:40, INFO, evaluate] mAP parallel: qbe [overlap = 0.50]
[2019-03-17 19:52:40, INFO, map_parallel] Using '6' threads for '1732' args
[2019-03-17 19:52:46, INFO, evaluate] mAP parallel: qbs [overlap = 0.50]
[2019-03-17 19:52:46, INFO, map_parallel] Using '6' threads for '387' args
[2019-03-17 20:02:13, INFO, evaluate] ground truth proposals: 369
[2019-03-17 20:02:13, INFO, evaluate] external_proposals dtp: 10539
[2019-03-17 20:02:16, INFO, evaluate] ground truth proposals: 335
[2019-03-17 20:02:16, INFO, evaluate] external_proposals dtp: 9617
[2019-03-17 20:02:19, INFO, evaluate] ground truth proposals: 311
[2019-03-17 20:02:19, INFO, evaluate] external_proposals dtp: 11577
[2019-03-17 20:02:23, INFO, evaluate] ground truth proposals: 357
[2019-03-17 20:02:23, INFO, evaluate] external_proposals dtp: 12458
[2019-03-17 20:02:27, INFO, evaluate] ground truth proposals: 360
[2019-03-17 20:02:27, INFO, evaluate] external_proposals dtp: 11007
[2019-03-17 20:02:34, INFO, evaluate] Calculate mAPs
[2019-03-17 20:02:34, INFO, evaluate] mAP parallel: qbe [overlap = 0.25]
[2019-03-17 20:02:34, INFO, map_parallel] Using '6' threads for '1732' args
[2019-03-17 20:02:40, INFO, evaluate] mAP parallel: qbs [overlap = 0.25]
[2019-03-17 20:02:40, INFO, map_parallel] Using '6' threads for '387' args
[2019-03-17 20:02:42, INFO, evaluate] mAP parallel: qbe [overlap = 0.50]
[2019-03-17 20:02:42, INFO, map_parallel] Using '6' threads for '1732' args
[2019-03-17 20:02:47, INFO, evaluate] mAP parallel: qbs [overlap = 0.50]
[2019-03-17 20:02:47, INFO, map_parallel] Using '6' threads for '387' args
[2019-03-17 20:12:17, INFO, evaluate] ground truth proposals: 369
[2019-03-17 20:12:17, INFO, evaluate] external_proposals dtp: 10539
[2019-03-17 20:12:20, INFO, evaluate] ground truth proposals: 335
[2019-03-17 20:12:20, INFO, evaluate] external_proposals dtp: 9617
[2019-03-17 20:12:23, INFO, evaluate] ground truth proposals: 311
[2019-03-17 20:12:23, INFO, evaluate] external_proposals dtp: 11577
[2019-03-17 20:12:27, INFO, evaluate] ground truth proposals: 357
[2019-03-17 20:12:27, INFO, evaluate] external_proposals dtp: 12458
[2019-03-17 20:12:31, INFO, evaluate] ground truth proposals: 360
[2019-03-17 20:12:31, INFO, evaluate] external_proposals dtp: 11007
[2019-03-17 20:12:38, INFO, evaluate] Calculate mAPs
[2019-03-17 20:12:38, INFO, evaluate] mAP parallel: qbe [overlap = 0.25]
[2019-03-17 20:12:38, INFO, map_parallel] Using '6' threads for '1732' args
[2019-03-17 20:12:43, INFO, evaluate] mAP parallel: qbs [overlap = 0.25]
[2019-03-17 20:12:43, INFO, map_parallel] Using '6' threads for '387' args
[2019-03-17 20:12:45, INFO, evaluate] mAP parallel: qbe [overlap = 0.50]
[2019-03-17 20:12:45, INFO, map_parallel] Using '6' threads for '1732' args
[2019-03-17 20:12:51, INFO, evaluate] mAP parallel: qbs [overlap = 0.50]
[2019-03-17 20:12:51, INFO, map_parallel] Using '6' threads for '387' args
[2019-03-17 20:22:22, INFO, evaluate] ground truth proposals: 369
[2019-03-17 20:22:22, INFO, evaluate] external_proposals dtp: 10539
[2019-03-17 20:22:26, INFO, evaluate] ground truth proposals: 335
[2019-03-17 20:22:26, INFO, evaluate] external_proposals dtp: 9617
[2019-03-17 20:22:29, INFO, evaluate] ground truth proposals: 311
[2019-03-17 20:22:29, INFO, evaluate] external_proposals dtp: 11577
[2019-03-17 20:22:32, INFO, evaluate] ground truth proposals: 357
[2019-03-17 20:22:32, INFO, evaluate] external_proposals dtp: 12458
[2019-03-17 20:22:36, INFO, evaluate] ground truth proposals: 360
[2019-03-17 20:22:36, INFO, evaluate] external_proposals dtp: 11007
[2019-03-17 20:22:43, INFO, evaluate] Calculate mAPs
[2019-03-17 20:22:43, INFO, evaluate] mAP parallel: qbe [overlap = 0.25]
[2019-03-17 20:22:43, INFO, map_parallel] Using '6' threads for '1732' args
[2019-03-17 20:22:49, INFO, evaluate] mAP parallel: qbs [overlap = 0.25]
[2019-03-17 20:22:49, INFO, map_parallel] Using '6' threads for '387' args
[2019-03-17 20:22:51, INFO, evaluate] mAP parallel: qbe [overlap = 0.50]
[2019-03-17 20:22:51, INFO, map_parallel] Using '6' threads for '1732' args
[2019-03-17 20:22:56, INFO, evaluate] mAP parallel: qbs [overlap = 0.50]
[2019-03-17 20:22:56, INFO, map_parallel] Using '6' threads for '387' args
[2019-03-17 20:32:25, INFO, evaluate] ground truth proposals: 369
[2019-03-17 20:32:25, INFO, evaluate] external_proposals dtp: 10539
[2019-03-17 20:32:29, INFO, evaluate] ground truth proposals: 335
[2019-03-17 20:32:29, INFO, evaluate] external_proposals dtp: 9617
[2019-03-17 20:32:32, INFO, evaluate] ground truth proposals: 311
[2019-03-17 20:32:32, INFO, evaluate] external_proposals dtp: 11577
[2019-03-17 20:32:35, INFO, evaluate] ground truth proposals: 357
[2019-03-17 20:32:35, INFO, evaluate] external_proposals dtp: 12458
[2019-03-17 20:32:39, INFO, evaluate] ground truth proposals: 360
[2019-03-17 20:32:39, INFO, evaluate] external_proposals dtp: 11007
[2019-03-17 20:32:46, INFO, evaluate] Calculate mAPs
[2019-03-17 20:32:46, INFO, evaluate] mAP parallel: qbe [overlap = 0.25]
[2019-03-17 20:32:46, INFO, map_parallel] Using '6' threads for '1732' args
[2019-03-17 20:32:52, INFO, evaluate] mAP parallel: qbs [overlap = 0.25]
[2019-03-17 20:32:52, INFO, map_parallel] Using '6' threads for '387' args
[2019-03-17 20:32:53, INFO, evaluate] mAP parallel: qbe [overlap = 0.50]
[2019-03-17 20:32:53, INFO, map_parallel] Using '6' threads for '1732' args
[2019-03-17 20:32:58, INFO, evaluate] mAP parallel: qbs [overlap = 0.50]
[2019-03-17 20:32:58, INFO, map_parallel] Using '6' threads for '387' args
[2019-03-17 20:42:27, INFO, evaluate] ground truth proposals: 369
[2019-03-17 20:42:27, INFO, evaluate] external_proposals dtp: 10539
[2019-03-17 20:42:30, INFO, evaluate] ground truth proposals: 335
[2019-03-17 20:42:30, INFO, evaluate] external_proposals dtp: 9617
[2019-03-17 20:42:33, INFO, evaluate] ground truth proposals: 311
[2019-03-17 20:42:33, INFO, evaluate] external_proposals dtp: 11577
[2019-03-17 20:42:37, INFO, evaluate] ground truth proposals: 357
[2019-03-17 20:42:37, INFO, evaluate] external_proposals dtp: 12458
[2019-03-17 20:42:41, INFO, evaluate] ground truth proposals: 360
[2019-03-17 20:42:41, INFO, evaluate] external_proposals dtp: 11007
[2019-03-17 20:42:48, INFO, evaluate] Calculate mAPs
[2019-03-17 20:42:48, INFO, evaluate] mAP parallel: qbe [overlap = 0.25]
[2019-03-17 20:42:48, INFO, map_parallel] Using '6' threads for '1732' args
[2019-03-17 20:42:53, INFO, evaluate] mAP parallel: qbs [overlap = 0.25]
[2019-03-17 20:42:53, INFO, map_parallel] Using '6' threads for '387' args
[2019-03-17 20:42:55, INFO, evaluate] mAP parallel: qbe [overlap = 0.50]
[2019-03-17 20:42:55, INFO, map_parallel] Using '6' threads for '1732' args
[2019-03-17 20:43:00, INFO, evaluate] mAP parallel: qbs [overlap = 0.50]
[2019-03-17 20:43:00, INFO, map_parallel] Using '6' threads for '387' args
[2019-03-17 20:52:26, INFO, evaluate] ground truth proposals: 369
[2019-03-17 20:52:26, INFO, evaluate] external_proposals dtp: 10539
[2019-03-17 20:52:29, INFO, evaluate] ground truth proposals: 335
[2019-03-17 20:52:29, INFO, evaluate] external_proposals dtp: 9617
[2019-03-17 20:52:32, INFO, evaluate] ground truth proposals: 311
[2019-03-17 20:52:32, INFO, evaluate] external_proposals dtp: 11577
[2019-03-17 20:52:36, INFO, evaluate] ground truth proposals: 357
[2019-03-17 20:52:36, INFO, evaluate] external_proposals dtp: 12458
[2019-03-17 20:52:40, INFO, evaluate] ground truth proposals: 360
[2019-03-17 20:52:40, INFO, evaluate] external_proposals dtp: 11007
[2019-03-17 20:52:46, INFO, evaluate] Calculate mAPs
[2019-03-17 20:52:46, INFO, evaluate] mAP parallel: qbe [overlap = 0.25]
[2019-03-17 20:52:46, INFO, map_parallel] Using '6' threads for '1732' args
[2019-03-17 20:52:51, INFO, evaluate] mAP parallel: qbs [overlap = 0.25]
[2019-03-17 20:52:51, INFO, map_parallel] Using '6' threads for '387' args
[2019-03-17 20:52:53, INFO, evaluate] mAP parallel: qbe [overlap = 0.50]
[2019-03-17 20:52:53, INFO, map_parallel] Using '6' threads for '1732' args
[2019-03-17 20:52:58, INFO, evaluate] mAP parallel: qbs [overlap = 0.50]
[2019-03-17 20:52:58, INFO, map_parallel] Using '6' threads for '387' args
[2019-03-17 21:02:24, INFO, evaluate] ground truth proposals: 369
[2019-03-17 21:02:24, INFO, evaluate] external_proposals dtp: 10539
[2019-03-17 21:02:28, INFO, evaluate] ground truth proposals: 335
[2019-03-17 21:02:28, INFO, evaluate] external_proposals dtp: 9617
[2019-03-17 21:02:31, INFO, evaluate] ground truth proposals: 311
[2019-03-17 21:02:31, INFO, evaluate] external_proposals dtp: 11577
[2019-03-17 21:02:34, INFO, evaluate] ground truth proposals: 357
[2019-03-17 21:02:34, INFO, evaluate] external_proposals dtp: 12458
[2019-03-17 21:02:38, INFO, evaluate] ground truth proposals: 360
[2019-03-17 21:02:38, INFO, evaluate] external_proposals dtp: 11007
[2019-03-17 21:02:45, INFO, evaluate] Calculate mAPs
[2019-03-17 21:02:45, INFO, evaluate] mAP parallel: qbe [overlap = 0.25]
[2019-03-17 21:02:45, INFO, map_parallel] Using '6' threads for '1732' args
[2019-03-17 21:02:50, INFO, evaluate] mAP parallel: qbs [overlap = 0.25]
[2019-03-17 21:02:50, INFO, map_parallel] Using '6' threads for '387' args
[2019-03-17 21:02:52, INFO, evaluate] mAP parallel: qbe [overlap = 0.50]
[2019-03-17 21:02:52, INFO, map_parallel] Using '6' threads for '1732' args
[2019-03-17 21:02:57, INFO, evaluate] mAP parallel: qbs [overlap = 0.50]
[2019-03-17 21:02:57, INFO, map_parallel] Using '6' threads for '387' args
[2019-03-17 21:12:25, INFO, evaluate] ground truth proposals: 369
[2019-03-17 21:12:25, INFO, evaluate] external_proposals dtp: 10539
[2019-03-17 21:12:28, INFO, evaluate] ground truth proposals: 335
[2019-03-17 21:12:28, INFO, evaluate] external_proposals dtp: 9617
[2019-03-17 21:12:32, INFO, evaluate] ground truth proposals: 311
[2019-03-17 21:12:32, INFO, evaluate] external_proposals dtp: 11577
[2019-03-17 21:12:35, INFO, evaluate] ground truth proposals: 357
[2019-03-17 21:12:35, INFO, evaluate] external_proposals dtp: 12458
[2019-03-17 21:12:39, INFO, evaluate] ground truth proposals: 360
[2019-03-17 21:12:39, INFO, evaluate] external_proposals dtp: 11007
[2019-03-17 21:12:46, INFO, evaluate] Calculate mAPs
[2019-03-17 21:12:46, INFO, evaluate] mAP parallel: qbe [overlap = 0.25]
[2019-03-17 21:12:46, INFO, map_parallel] Using '6' threads for '1732' args
[2019-03-17 21:12:51, INFO, evaluate] mAP parallel: qbs [overlap = 0.25]
[2019-03-17 21:12:51, INFO, map_parallel] Using '6' threads for '387' args
[2019-03-17 21:12:53, INFO, evaluate] mAP parallel: qbe [overlap = 0.50]
[2019-03-17 21:12:53, INFO, map_parallel] Using '6' threads for '1732' args
[2019-03-17 21:12:58, INFO, evaluate] mAP parallel: qbs [overlap = 0.50]
[2019-03-17 21:12:58, INFO, map_parallel] Using '6' threads for '387' args
[2019-03-17 21:22:24, INFO, evaluate] ground truth proposals: 369
[2019-03-17 21:22:24, INFO, evaluate] external_proposals dtp: 10539
[2019-03-17 21:22:27, INFO, evaluate] ground truth proposals: 335
[2019-03-17 21:22:27, INFO, evaluate] external_proposals dtp: 9617
[2019-03-17 21:22:30, INFO, evaluate] ground truth proposals: 311
[2019-03-17 21:22:30, INFO, evaluate] external_proposals dtp: 11577
[2019-03-17 21:22:34, INFO, evaluate] ground truth proposals: 357
[2019-03-17 21:22:34, INFO, evaluate] external_proposals dtp: 12458
[2019-03-17 21:22:38, INFO, evaluate] ground truth proposals: 360
[2019-03-17 21:22:38, INFO, evaluate] external_proposals dtp: 11007
[2019-03-17 21:22:44, INFO, evaluate] Calculate mAPs
[2019-03-17 21:22:44, INFO, evaluate] mAP parallel: qbe [overlap = 0.25]
[2019-03-17 21:22:44, INFO, map_parallel] Using '6' threads for '1732' args
[2019-03-17 21:22:49, INFO, evaluate] mAP parallel: qbs [overlap = 0.25]
[2019-03-17 21:22:49, INFO, map_parallel] Using '6' threads for '387' args
[2019-03-17 21:22:51, INFO, evaluate] mAP parallel: qbe [overlap = 0.50]
[2019-03-17 21:22:51, INFO, map_parallel] Using '6' threads for '1732' args
[2019-03-17 21:22:56, INFO, evaluate] mAP parallel: qbs [overlap = 0.50]
[2019-03-17 21:22:56, INFO, map_parallel] Using '6' threads for '387' args
[2019-03-17 21:32:24, INFO, evaluate] ground truth proposals: 369
[2019-03-17 21:32:24, INFO, evaluate] external_proposals dtp: 10539
[2019-03-17 21:32:27, INFO, evaluate] ground truth proposals: 335
[2019-03-17 21:32:27, INFO, evaluate] external_proposals dtp: 9617
[2019-03-17 21:32:30, INFO, evaluate] ground truth proposals: 311
[2019-03-17 21:32:30, INFO, evaluate] external_proposals dtp: 11577
[2019-03-17 21:32:34, INFO, evaluate] ground truth proposals: 357
[2019-03-17 21:32:34, INFO, evaluate] external_proposals dtp: 12458
[2019-03-17 21:32:38, INFO, evaluate] ground truth proposals: 360
[2019-03-17 21:32:38, INFO, evaluate] external_proposals dtp: 11007
[2019-03-17 21:32:44, INFO, evaluate] Calculate mAPs
[2019-03-17 21:32:44, INFO, evaluate] mAP parallel: qbe [overlap = 0.25]
[2019-03-17 21:32:44, INFO, map_parallel] Using '6' threads for '1732' args
[2019-03-17 21:32:50, INFO, evaluate] mAP parallel: qbs [overlap = 0.25]
[2019-03-17 21:32:50, INFO, map_parallel] Using '6' threads for '387' args
[2019-03-17 21:32:51, INFO, evaluate] mAP parallel: qbe [overlap = 0.50]
[2019-03-17 21:32:51, INFO, map_parallel] Using '6' threads for '1732' args
[2019-03-17 21:32:56, INFO, evaluate] mAP parallel: qbs [overlap = 0.50]
[2019-03-17 21:32:56, INFO, map_parallel] Using '6' threads for '387' args
[2019-03-17 21:42:23, INFO, evaluate] ground truth proposals: 369
[2019-03-17 21:42:23, INFO, evaluate] external_proposals dtp: 10539
[2019-03-17 21:42:27, INFO, evaluate] ground truth proposals: 335
[2019-03-17 21:42:27, INFO, evaluate] external_proposals dtp: 9617
[2019-03-17 21:42:30, INFO, evaluate] ground truth proposals: 311
[2019-03-17 21:42:30, INFO, evaluate] external_proposals dtp: 11577
[2019-03-17 21:42:33, INFO, evaluate] ground truth proposals: 357
[2019-03-17 21:42:33, INFO, evaluate] external_proposals dtp: 12458
[2019-03-17 21:42:37, INFO, evaluate] ground truth proposals: 360
[2019-03-17 21:42:37, INFO, evaluate] external_proposals dtp: 11007
[2019-03-17 21:42:44, INFO, evaluate] Calculate mAPs
[2019-03-17 21:42:44, INFO, evaluate] mAP parallel: qbe [overlap = 0.25]
[2019-03-17 21:42:44, INFO, map_parallel] Using '6' threads for '1732' args
[2019-03-17 21:42:49, INFO, evaluate] mAP parallel: qbs [overlap = 0.25]
[2019-03-17 21:42:49, INFO, map_parallel] Using '6' threads for '387' args
[2019-03-17 21:42:50, INFO, evaluate] mAP parallel: qbe [overlap = 0.50]
[2019-03-17 21:42:50, INFO, map_parallel] Using '6' threads for '1732' args
[2019-03-17 21:42:55, INFO, evaluate] mAP parallel: qbs [overlap = 0.50]
[2019-03-17 21:42:55, INFO, map_parallel] Using '6' threads for '387' args
[2019-03-17 21:52:24, INFO, evaluate] ground truth proposals: 369
[2019-03-17 21:52:24, INFO, evaluate] external_proposals dtp: 10539
[2019-03-17 21:52:28, INFO, evaluate] ground truth proposals: 335
[2019-03-17 21:52:28, INFO, evaluate] external_proposals dtp: 9617
[2019-03-17 21:52:31, INFO, evaluate] ground truth proposals: 311
[2019-03-17 21:52:31, INFO, evaluate] external_proposals dtp: 11577
[2019-03-17 21:52:35, INFO, evaluate] ground truth proposals: 357
[2019-03-17 21:52:35, INFO, evaluate] external_proposals dtp: 12458
[2019-03-17 21:52:38, INFO, evaluate] ground truth proposals: 360
[2019-03-17 21:52:38, INFO, evaluate] external_proposals dtp: 11007
[2019-03-17 21:52:45, INFO, evaluate] Calculate mAPs
[2019-03-17 21:52:45, INFO, evaluate] mAP parallel: qbe [overlap = 0.25]
[2019-03-17 21:52:45, INFO, map_parallel] Using '6' threads for '1732' args
[2019-03-17 21:52:50, INFO, evaluate] mAP parallel: qbs [overlap = 0.25]
[2019-03-17 21:52:50, INFO, map_parallel] Using '6' threads for '387' args
[2019-03-17 21:52:52, INFO, evaluate] mAP parallel: qbe [overlap = 0.50]
[2019-03-17 21:52:52, INFO, map_parallel] Using '6' threads for '1732' args
[2019-03-17 21:52:57, INFO, evaluate] mAP parallel: qbs [overlap = 0.50]
[2019-03-17 21:52:57, INFO, map_parallel] Using '6' threads for '387' args
[2019-03-17 22:02:25, INFO, evaluate] ground truth proposals: 369
[2019-03-17 22:02:25, INFO, evaluate] external_proposals dtp: 10539
[2019-03-17 22:02:29, INFO, evaluate] ground truth proposals: 335
[2019-03-17 22:02:29, INFO, evaluate] external_proposals dtp: 9617
[2019-03-17 22:02:32, INFO, evaluate] ground truth proposals: 311
[2019-03-17 22:02:32, INFO, evaluate] external_proposals dtp: 11577
[2019-03-17 22:02:35, INFO, evaluate] ground truth proposals: 357
[2019-03-17 22:02:35, INFO, evaluate] external_proposals dtp: 12458
[2019-03-17 22:02:39, INFO, evaluate] ground truth proposals: 360
[2019-03-17 22:02:39, INFO, evaluate] external_proposals dtp: 11007
[2019-03-17 22:02:46, INFO, evaluate] Calculate mAPs
[2019-03-17 22:02:46, INFO, evaluate] mAP parallel: qbe [overlap = 0.25]
[2019-03-17 22:02:46, INFO, map_parallel] Using '6' threads for '1732' args
[2019-03-17 22:02:51, INFO, evaluate] mAP parallel: qbs [overlap = 0.25]
[2019-03-17 22:02:51, INFO, map_parallel] Using '6' threads for '387' args
[2019-03-17 22:02:53, INFO, evaluate] mAP parallel: qbe [overlap = 0.50]
[2019-03-17 22:02:53, INFO, map_parallel] Using '6' threads for '1732' args
[2019-03-17 22:02:57, INFO, evaluate] mAP parallel: qbs [overlap = 0.50]
[2019-03-17 22:02:57, INFO, map_parallel] Using '6' threads for '387' args
[2019-03-17 22:12:25, INFO, evaluate] ground truth proposals: 369
[2019-03-17 22:12:25, INFO, evaluate] external_proposals dtp: 10539
[2019-03-17 22:12:28, INFO, evaluate] ground truth proposals: 335
[2019-03-17 22:12:28, INFO, evaluate] external_proposals dtp: 9617
[2019-03-17 22:12:31, INFO, evaluate] ground truth proposals: 311
[2019-03-17 22:12:31, INFO, evaluate] external_proposals dtp: 11577
[2019-03-17 22:12:35, INFO, evaluate] ground truth proposals: 357
[2019-03-17 22:12:35, INFO, evaluate] external_proposals dtp: 12458
[2019-03-17 22:12:39, INFO, evaluate] ground truth proposals: 360
[2019-03-17 22:12:39, INFO, evaluate] external_proposals dtp: 11007
[2019-03-17 22:12:45, INFO, evaluate] Calculate mAPs
[2019-03-17 22:12:45, INFO, evaluate] mAP parallel: qbe [overlap = 0.25]
[2019-03-17 22:12:45, INFO, map_parallel] Using '6' threads for '1732' args
[2019-03-17 22:12:50, INFO, evaluate] mAP parallel: qbs [overlap = 0.25]
[2019-03-17 22:12:50, INFO, map_parallel] Using '6' threads for '387' args
[2019-03-17 22:12:52, INFO, evaluate] mAP parallel: qbe [overlap = 0.50]
[2019-03-17 22:12:52, INFO, map_parallel] Using '6' threads for '1732' args
[2019-03-17 22:12:57, INFO, evaluate] mAP parallel: qbs [overlap = 0.50]
[2019-03-17 22:12:57, INFO, map_parallel] Using '6' threads for '387' args
[2019-03-17 22:22:23, INFO, evaluate] ground truth proposals: 369
[2019-03-17 22:22:23, INFO, evaluate] external_proposals dtp: 10539
[2019-03-17 22:22:26, INFO, evaluate] ground truth proposals: 335
[2019-03-17 22:22:26, INFO, evaluate] external_proposals dtp: 9617
[2019-03-17 22:22:29, INFO, evaluate] ground truth proposals: 311
[2019-03-17 22:22:29, INFO, evaluate] external_proposals dtp: 11577
[2019-03-17 22:22:33, INFO, evaluate] ground truth proposals: 357
[2019-03-17 22:22:33, INFO, evaluate] external_proposals dtp: 12458
[2019-03-17 22:22:37, INFO, evaluate] ground truth proposals: 360
[2019-03-17 22:22:37, INFO, evaluate] external_proposals dtp: 11007
[2019-03-17 22:22:44, INFO, evaluate] Calculate mAPs
[2019-03-17 22:22:44, INFO, evaluate] mAP parallel: qbe [overlap = 0.25]
[2019-03-17 22:22:44, INFO, map_parallel] Using '6' threads for '1732' args
[2019-03-17 22:22:48, INFO, evaluate] mAP parallel: qbs [overlap = 0.25]
[2019-03-17 22:22:48, INFO, map_parallel] Using '6' threads for '387' args
[2019-03-17 22:22:50, INFO, evaluate] mAP parallel: qbe [overlap = 0.50]
[2019-03-17 22:22:50, INFO, map_parallel] Using '6' threads for '1732' args
[2019-03-17 22:22:55, INFO, evaluate] mAP parallel: qbs [overlap = 0.50]
[2019-03-17 22:22:55, INFO, map_parallel] Using '6' threads for '387' args
[2019-03-17 22:32:22, INFO, evaluate] ground truth proposals: 369
[2019-03-17 22:32:22, INFO, evaluate] external_proposals dtp: 10539
[2019-03-17 22:32:25, INFO, evaluate] ground truth proposals: 335
[2019-03-17 22:32:25, INFO, evaluate] external_proposals dtp: 9617
[2019-03-17 22:32:28, INFO, evaluate] ground truth proposals: 311
[2019-03-17 22:32:28, INFO, evaluate] external_proposals dtp: 11577
[2019-03-17 22:32:32, INFO, evaluate] ground truth proposals: 357
[2019-03-17 22:32:32, INFO, evaluate] external_proposals dtp: 12458
[2019-03-17 22:32:36, INFO, evaluate] ground truth proposals: 360
[2019-03-17 22:32:36, INFO, evaluate] external_proposals dtp: 11007
[2019-03-17 22:32:42, INFO, evaluate] Calculate mAPs
[2019-03-17 22:32:42, INFO, evaluate] mAP parallel: qbe [overlap = 0.25]
[2019-03-17 22:32:42, INFO, map_parallel] Using '6' threads for '1732' args
[2019-03-17 22:32:47, INFO, evaluate] mAP parallel: qbs [overlap = 0.25]
[2019-03-17 22:32:47, INFO, map_parallel] Using '6' threads for '387' args
[2019-03-17 22:32:49, INFO, evaluate] mAP parallel: qbe [overlap = 0.50]
[2019-03-17 22:32:49, INFO, map_parallel] Using '6' threads for '1732' args
[2019-03-17 22:32:54, INFO, evaluate] mAP parallel: qbs [overlap = 0.50]
[2019-03-17 22:32:54, INFO, map_parallel] Using '6' threads for '387' args
[2019-03-17 22:32:56, INFO, evaluate] ground truth proposals: 143
[2019-03-17 22:32:56, INFO, evaluate] external_proposals dtp: 16257
[2019-03-17 22:33:01, INFO, evaluate] ground truth proposals: 312
[2019-03-17 22:33:01, INFO, evaluate] external_proposals dtp: 12290
[2019-03-17 22:33:05, INFO, evaluate] ground truth proposals: 370
[2019-03-17 22:33:05, INFO, evaluate] external_proposals dtp: 12776
[2019-03-17 22:33:09, INFO, evaluate] ground truth proposals: 345
[2019-03-17 22:33:09, INFO, evaluate] external_proposals dtp: 10696
[2019-03-17 22:33:12, INFO, evaluate] ground truth proposals: 227
[2019-03-17 22:33:12, INFO, evaluate] external_proposals dtp: 14795
[2019-03-17 22:33:17, INFO, evaluate] ground truth proposals: 337
[2019-03-17 22:33:17, INFO, evaluate] external_proposals dtp: 9272
[2019-03-17 22:33:20, INFO, evaluate] ground truth proposals: 349
[2019-03-17 22:33:20, INFO, evaluate] external_proposals dtp: 10527
[2019-03-17 22:33:23, INFO, evaluate] ground truth proposals: 357
[2019-03-17 22:33:23, INFO, evaluate] external_proposals dtp: 9688
[2019-03-17 22:33:26, INFO, evaluate] ground truth proposals: 365
[2019-03-17 22:33:26, INFO, evaluate] external_proposals dtp: 12569
[2019-03-17 22:33:30, INFO, evaluate] ground truth proposals: 368
[2019-03-17 22:33:30, INFO, evaluate] external_proposals dtp: 12681
[2019-03-17 22:33:34, INFO, evaluate] ground truth proposals: 353
[2019-03-17 22:33:34, INFO, evaluate] external_proposals dtp: 11079
[2019-03-17 22:33:37, INFO, evaluate] ground truth proposals: 69
[2019-03-17 22:33:37, INFO, evaluate] external_proposals dtp: 16683
[2019-03-17 22:33:43, INFO, evaluate] ground truth proposals: 348
[2019-03-17 22:33:43, INFO, evaluate] external_proposals dtp: 7482
[2019-03-17 22:33:45, INFO, evaluate] ground truth proposals: 363
[2019-03-17 22:33:45, INFO, evaluate] external_proposals dtp: 12097
[2019-03-17 22:33:49, INFO, evaluate] ground truth proposals: 318
[2019-03-17 22:33:49, INFO, evaluate] external_proposals dtp: 11582
[2019-03-17 22:33:52, INFO, evaluate] ground truth proposals: 329
[2019-03-17 22:33:52, INFO, evaluate] external_proposals dtp: 11099
[2019-03-17 22:33:56, INFO, evaluate] ground truth proposals: 305
[2019-03-17 22:33:56, INFO, evaluate] external_proposals dtp: 11710
[2019-03-17 22:34:00, INFO, evaluate] ground truth proposals: 330
[2019-03-17 22:34:00, INFO, evaluate] external_proposals dtp: 10855
[2019-03-17 22:34:03, INFO, evaluate] ground truth proposals: 329
[2019-03-17 22:34:03, INFO, evaluate] external_proposals dtp: 13084
[2019-03-17 22:34:07, INFO, evaluate] ground truth proposals: 353
[2019-03-17 22:34:07, INFO, evaluate] external_proposals dtp: 12449
[2019-03-17 22:34:24, INFO, evaluate] Calculate mAPs
[2019-03-17 22:34:24, INFO, evaluate] mAP parallel: qbe [overlap = 0.25]
[2019-03-17 22:34:24, INFO, map_parallel] Using '6' threads for '6270' args
[2019-03-17 22:36:05, INFO, evaluate] mAP parallel: qbs [overlap = 0.25]
[2019-03-17 22:36:05, INFO, map_parallel] Using '6' threads for '889' args
[2019-03-17 22:36:11, INFO, evaluate] mAP parallel: qbe [overlap = 0.50]
[2019-03-17 22:36:11, INFO, map_parallel] Using '6' threads for '6270' args
[2019-03-17 22:37:49, INFO, evaluate] mAP parallel: qbs [overlap = 0.50]
[2019-03-17 22:37:49, INFO, map_parallel] Using '6' threads for '889' args
